-------------------------------------------------------------------------------
Test set: com.Gobierno.Apis.DecifradoAES.DecifradoAesApplicationTests
-------------------------------------------------------------------------------
Tests run: 1, Failures: 0, Errors: 1, Skipped: 0, Time elapsed: 0.173 s <<< FAILURE! - in com.Gobierno.Apis.DecifradoAES.DecifradoAesApplicationTests
com.Gobierno.Apis.DecifradoAES.DecifradoAesApplicationTests  Time elapsed: 0.173 s  <<< ERROR!
java.lang.IllegalStateException: Unable to find a @SpringBootConfiguration, you need to use @ContextConfiguration or @SpringBootTest(classes=...) with your test

